Starting a Gradle Daemon, 4 busy Daemons could not be reused, use --status for details
> Task :compileJava
> Task :processResources
> Task :classes
> Task :resolveMainClassName

> Task :bootRun

  .   ____          _            __ _ _
 /\\ / ___'_ __ _ _(_)_ __  __ _ \ \ \ \
( ( )\___ | '_ | '_| | '_ \/ _` | \ \ \ \
 \\/  ___)| |_)| | | | | || (_| |  ) ) ) )
  '  |____| .__|_| |_|_| |_\__, | / / / /
 =========|_|==============|___/=/_/_/_/

 :: Spring Boot ::                (v4.1.0)

2026-07-24T21:28:12.640+05:00  INFO 20628 --- [Dori_Qidiruv_bot] [           main] c.e.d.DoriQidiruvBotApplication          : Starting DoriQidiruvBotApplication using Java 17.0.20 with PID 20628 (D:\G59\Model_6\Dori_Qidiruv_bot\build\classes\java\main started by Suxrob in D:\G59\Model_6\Dori_Qidiruv_bot)
2026-07-24T21:28:12.645+05:00  INFO 20628 --- [Dori_Qidiruv_bot] [           main] c.e.d.DoriQidiruvBotApplication          : No active profile set, falling back to 1 default profile: "default"
2026-07-24T21:28:13.935+05:00  INFO 20628 --- [Dori_Qidiruv_bot] [           main] o.s.boot.tomcat.TomcatWebServer          : Tomcat initialized with port 8080 (http)
2026-07-24T21:28:13.967+05:00  INFO 20628 --- [Dori_Qidiruv_bot] [           main] o.apache.catalina.core.StandardService   : Starting service [Tomcat]
2026-07-24T21:28:13.968+05:00  INFO 20628 --- [Dori_Qidiruv_bot] [           main] o.apache.catalina.core.StandardEngine    : Starting Servlet engine: [Apache Tomcat/11.0.22]
2026-07-24T21:28:14.118+05:00  INFO 20628 --- [Dori_Qidiruv_bot] [           main] b.w.c.s.WebApplicationContextInitializer : Root WebApplicationContext: initialization completed in 1398 ms
2026-07-24T21:28:14.963+05:00  WARN 20628 --- [Dori_Qidiruv_bot] [           main] .s.a.UserDetailsServiceAutoConfiguration : 

Using generated security password: 103eec71-4acf-42d4-9144-8d009b9952eb

This generated password is for development use only. Your security configuration must be updated before running your application in production.

2026-07-24T21:28:14.977+05:00  INFO 20628 --- [Dori_Qidiruv_bot] [           main] r$InitializeUserDetailsManagerConfigurer : Global AuthenticationManager configured with UserDetailsService bean with name inMemoryUserDetailsManager
2026-07-24T21:28:15.153+05:00 DEBUG 20628 --- [Dori_Qidiruv_bot] [           main] o.s.s.web.DefaultSecurityFilterChain     : Will secure any request with filters: DisableEncodeUrlFilter, WebAsyncManagerIntegrationFilter, SecurityContextHolderFilter, HeaderWriterFilter, CorsFilter, LogoutFilter, JwtAuthenticationFilter, RequestCacheAwareFilter, SecurityContextHolderAwareRequestFilter, AnonymousAuthenticationFilter, SessionManagementFilter, ExceptionTranslationFilter, AuthorizationFilter
2026-07-24T21:28:15.220+05:00  INFO 20628 --- [Dori_Qidiruv_bot] [           main] o.s.b.w.a.WelcomePageHandlerMapping      : Adding welcome page: class path resource [static/index.html]
2026-07-24T21:28:15.533+05:00  INFO 20628 --- [Dori_Qidiruv_bot] [           main] o.s.boot.tomcat.TomcatWebServer          : Tomcat started on port 8080 (http) with context path '/'
2026-07-24T21:28:15.541+05:00  INFO 20628 --- [Dori_Qidiruv_bot] [           main] c.e.d.DoriQidiruvBotApplication          : Started DoriQidiruvBotApplication in 3.484 seconds (process running for 3.959)
2026-07-24T21:28:37.089+05:00  INFO 20628 --- [Dori_Qidiruv_bot] [nio-8080-exec-1] o.a.c.c.C.[Tomcat].[localhost].[/]       : Initializing Spring DispatcherServlet 'dispatcherServlet'
2026-07-24T21:28:37.089+05:00  INFO 20628 --- [Dori_Qidiruv_bot] [nio-8080-exec-1] o.s.web.servlet.DispatcherServlet        : Initializing Servlet 'dispatcherServlet'
2026-07-24T21:28:37.091+05:00  INFO 20628 --- [Dori_Qidiruv_bot] [nio-8080-exec-1] o.s.web.servlet.DispatcherServlet        : Completed initialization in 2 ms
2026-07-24T21:28:37.102+05:00 DEBUG 20628 --- [Dori_Qidiruv_bot] [nio-8080-exec-1] o.s.security.web.FilterChainProxy        : Securing POST /api/auth/send-code
2026-07-24T21:28:37.112+05:00 DEBUG 20628 --- [Dori_Qidiruv_bot] [nio-8080-exec-1] o.s.s.w.a.AnonymousAuthenticationFilter  : Set SecurityContextHolder to anonymous SecurityContext
2026-07-24T21:28:37.114+05:00 DEBUG 20628 --- [Dori_Qidiruv_bot] [nio-8080-exec-1] o.s.security.web.FilterChainProxy        : Secured POST /api/auth/send-code
2026-07-24T21:28:37.796+05:00  INFO 20628 --- [Dori_Qidiruv_bot] [nio-8080-exec-1] c.e.dori_qidiruv_bot.service.SmsService  : Kod Telegram bot orqali yuborildi: +998950792008
2026-07-24T21:38:38.217+05:00 DEBUG 20628 --- [Dori_Qidiruv_bot] [nio-8080-exec-3] o.s.security.web.FilterChainProxy        : Securing GET /
2026-07-24T21:38:38.356+05:00 DEBUG 20628 --- [Dori_Qidiruv_bot] [nio-8080-exec-3] o.s.s.w.a.AnonymousAuthenticationFilter  : Set SecurityContextHolder to anonymous SecurityContext
2026-07-24T21:38:38.356+05:00 DEBUG 20628 --- [Dori_Qidiruv_bot] [nio-8080-exec-3] o.s.security.web.FilterChainProxy        : Secured GET /
2026-07-24T21:38:39.253+05:00 DEBUG 20628 --- [Dori_Qidiruv_bot] [nio-8080-exec-3] o.s.security.web.FilterChainProxy        : Securing GET /index.html
2026-07-24T21:38:39.253+05:00 DEBUG 20628 --- [Dori_Qidiruv_bot] [nio-8080-exec-3] o.s.security.web.FilterChainProxy        : Secured GET /index.html
2026-07-24T21:38:39.531+05:00 DEBUG 20628 --- [Dori_Qidiruv_bot] [nio-8080-exec-4] o.s.security.web.FilterChainProxy        : Securing GET /api/dorixona
2026-07-24T21:38:39.544+05:00 DEBUG 20628 --- [Dori_Qidiruv_bot] [nio-8080-exec-4] o.s.s.w.a.AnonymousAuthenticationFilter  : Set SecurityContextHolder to anonymous SecurityContext
2026-07-24T21:38:39.544+05:00 DEBUG 20628 --- [Dori_Qidiruv_bot] [nio-8080-exec-4] o.s.security.web.FilterChainProxy        : Secured GET /api/dorixona
2026-07-24T21:38:39.917+05:00 DEBUG 20628 --- [Dori_Qidiruv_bot] [nio-8080-exec-5] o.s.security.web.FilterChainProxy        : Securing GET /favicon.ico
2026-07-24T21:38:39.917+05:00 DEBUG 20628 --- [Dori_Qidiruv_bot] [nio-8080-exec-5] o.s.s.w.a.AnonymousAuthenticationFilter  : Set SecurityContextHolder to anonymous SecurityContext
2026-07-24T21:38:39.949+05:00 DEBUG 20628 --- [Dori_Qidiruv_bot] [nio-8080-exec-5] o.s.s.w.a.Http403ForbiddenEntryPoint     : Pre-authenticated entry point called. Rejecting access
2026-07-24T21:38:39.965+05:00 DEBUG 20628 --- [Dori_Qidiruv_bot] [nio-8080-exec-5] o.s.security.web.FilterChainProxy        : Securing GET /error
2026-07-24T21:38:39.965+05:00 DEBUG 20628 --- [Dori_Qidiruv_bot] [nio-8080-exec-5] o.s.s.w.a.AnonymousAuthenticationFilter  : Set SecurityContextHolder to anonymous SecurityContext
2026-07-24T21:38:39.965+05:00 DEBUG 20628 --- [Dori_Qidiruv_bot] [nio-8080-exec-5] o.s.s.w.a.Http403ForbiddenEntryPoint     : Pre-authenticated entry point called. Rejecting access
2026-07-24T21:38:41.993+05:00 DEBUG 20628 --- [Dori_Qidiruv_bot] [nio-8080-exec-6] o.s.security.web.FilterChainProxy        : Securing GET /login.html
2026-07-24T21:38:41.997+05:00 DEBUG 20628 --- [Dori_Qidiruv_bot] [nio-8080-exec-6] o.s.s.w.a.AnonymousAuthenticationFilter  : Set SecurityContextHolder to anonymous SecurityContext
2026-07-24T21:38:41.997+05:00 DEBUG 20628 --- [Dori_Qidiruv_bot] [nio-8080-exec-6] o.s.security.web.FilterChainProxy        : Secured GET /login.html
2026-07-24T21:38:42.174+05:00 DEBUG 20628 --- [Dori_Qidiruv_bot] [nio-8080-exec-7] o.s.security.web.FilterChainProxy        : Securing GET /favicon.ico
2026-07-24T21:38:42.174+05:00 DEBUG 20628 --- [Dori_Qidiruv_bot] [nio-8080-exec-7] o.s.s.w.a.AnonymousAuthenticationFilter  : Set SecurityContextHolder to anonymous SecurityContext
2026-07-24T21:38:42.174+05:00 DEBUG 20628 --- [Dori_Qidiruv_bot] [nio-8080-exec-7] o.s.s.w.a.Http403ForbiddenEntryPoint     : Pre-authenticated entry point called. Rejecting access
2026-07-24T21:38:42.179+05:00 DEBUG 20628 --- [Dori_Qidiruv_bot] [nio-8080-exec-7] o.s.security.web.FilterChainProxy        : Securing GET /error
2026-07-24T21:38:42.179+05:00 DEBUG 20628 --- [Dori_Qidiruv_bot] [nio-8080-exec-7] o.s.s.w.a.AnonymousAuthenticationFilter  : Set SecurityContextHolder to anonymous SecurityContext
2026-07-24T21:38:42.182+05:00 DEBUG 20628 --- [Dori_Qidiruv_bot] [nio-8080-exec-7] o.s.s.w.a.Http403ForbiddenEntryPoint     : Pre-authenticated entry point called. Rejecting access
2026-07-24T21:38:47.307+05:00 DEBUG 20628 --- [Dori_Qidiruv_bot] [nio-8080-exec-8] o.s.security.web.FilterChainProxy        : Securing POST /api/auth/send-code
2026-07-24T21:38:47.320+05:00 DEBUG 20628 --- [Dori_Qidiruv_bot] [nio-8080-exec-8] o.s.s.w.a.AnonymousAuthenticationFilter  : Set SecurityContextHolder to anonymous SecurityContext
2026-07-24T21:38:47.320+05:00 DEBUG 20628 --- [Dori_Qidiruv_bot] [nio-8080-exec-8] o.s.security.web.FilterChainProxy        : Secured POST /api/auth/send-code
2026-07-24T21:38:48.216+05:00  INFO 20628 --- [Dori_Qidiruv_bot] [nio-8080-exec-8] c.e.dori_qidiruv_bot.service.SmsService  : Kod Telegram bot orqali yuborildi: +998950792008
2026-07-24T21:38:48.250+05:00 DEBUG 20628 --- [Dori_Qidiruv_bot] [nio-8080-exec-9] o.s.security.web.FilterChainProxy        : Securing GET /sms.html
2026-07-24T21:38:48.250+05:00 DEBUG 20628 --- [Dori_Qidiruv_bot] [nio-8080-exec-9] o.s.s.w.a.AnonymousAuthenticationFilter  : Set SecurityContextHolder to anonymous SecurityContext
2026-07-24T21:38:48.250+05:00 DEBUG 20628 --- [Dori_Qidiruv_bot] [nio-8080-exec-9] o.s.security.web.FilterChainProxy        : Secured GET /sms.html
2026-07-24T21:38:48.313+05:00 DEBUG 20628 --- [Dori_Qidiruv_bot] [io-8080-exec-10] o.s.security.web.FilterChainProxy        : Securing GET /favicon.ico
2026-07-24T21:38:48.314+05:00 DEBUG 20628 --- [Dori_Qidiruv_bot] [io-8080-exec-10] o.s.s.w.a.AnonymousAuthenticationFilter  : Set SecurityContextHolder to anonymous SecurityContext
2026-07-24T21:38:48.316+05:00 DEBUG 20628 --- [Dori_Qidiruv_bot] [io-8080-exec-10] o.s.s.w.a.Http403ForbiddenEntryPoint     : Pre-authenticated entry point called. Rejecting access
2026-07-24T21:38:48.316+05:00 DEBUG 20628 --- [Dori_Qidiruv_bot] [io-8080-exec-10] o.s.security.web.FilterChainProxy        : Securing GET /error
2026-07-24T21:38:48.316+05:00 DEBUG 20628 --- [Dori_Qidiruv_bot] [io-8080-exec-10] o.s.s.w.a.AnonymousAuthenticationFilter  : Set SecurityContextHolder to anonymous SecurityContext
2026-07-24T21:38:48.316+05:00 DEBUG 20628 --- [Dori_Qidiruv_bot] [io-8080-exec-10] o.s.s.w.a.Http403ForbiddenEntryPoint     : Pre-authenticated entry point called. Rejecting access
2026-07-24T21:38:58.674+05:00 DEBUG 20628 --- [Dori_Qidiruv_bot] [nio-8080-exec-1] o.s.security.web.FilterChainProxy        : Securing POST /api/auth/verify
2026-07-24T21:38:58.676+05:00 DEBUG 20628 --- [Dori_Qidiruv_bot] [nio-8080-exec-1] o.s.s.w.a.AnonymousAuthenticationFilter  : Set SecurityContextHolder to anonymous SecurityContext
2026-07-24T21:38:58.678+05:00 DEBUG 20628 --- [Dori_Qidiruv_bot] [nio-8080-exec-1] o.s.security.web.FilterChainProxy        : Secured POST /api/auth/verify
2026-07-24T21:38:59.664+05:00 DEBUG 20628 --- [Dori_Qidiruv_bot] [nio-8080-exec-2] o.s.security.web.FilterChainProxy        : Securing GET /ism.html
2026-07-24T21:38:59.665+05:00 DEBUG 20628 --- [Dori_Qidiruv_bot] [nio-8080-exec-2] o.s.s.w.a.AnonymousAuthenticationFilter  : Set SecurityContextHolder to anonymous SecurityContext
2026-07-24T21:38:59.666+05:00 DEBUG 20628 --- [Dori_Qidiruv_bot] [nio-8080-exec-2] o.s.security.web.FilterChainProxy        : Secured GET /ism.html
2026-07-24T21:38:59.692+05:00 DEBUG 20628 --- [Dori_Qidiruv_bot] [nio-8080-exec-3] o.s.security.web.FilterChainProxy        : Securing GET /api/auth/profile
2026-07-24T21:38:59.728+05:00 DEBUG 20628 --- [Dori_Qidiruv_bot] [nio-8080-exec-4] o.s.security.web.FilterChainProxy        : Securing GET /favicon.ico
2026-07-24T21:38:59.730+05:00 DEBUG 20628 --- [Dori_Qidiruv_bot] [nio-8080-exec-4] o.s.s.w.a.AnonymousAuthenticationFilter  : Set SecurityContextHolder to anonymous SecurityContext
2026-07-24T21:38:59.732+05:00 DEBUG 20628 --- [Dori_Qidiruv_bot] [nio-8080-exec-4] o.s.s.w.a.Http403ForbiddenEntryPoint     : Pre-authenticated entry point called. Rejecting access
2026-07-24T21:38:59.733+05:00 DEBUG 20628 --- [Dori_Qidiruv_bot] [nio-8080-exec-4] o.s.security.web.FilterChainProxy        : Securing GET /error
2026-07-24T21:38:59.735+05:00 DEBUG 20628 --- [Dori_Qidiruv_bot] [nio-8080-exec-4] o.s.s.w.a.AnonymousAuthenticationFilter  : Set SecurityContextHolder to anonymous SecurityContext
2026-07-24T21:38:59.736+05:00 DEBUG 20628 --- [Dori_Qidiruv_bot] [nio-8080-exec-4] o.s.s.w.a.Http403ForbiddenEntryPoint     : Pre-authenticated entry point called. Rejecting access
2026-07-24T21:38:59.880+05:00 DEBUG 20628 --- [Dori_Qidiruv_bot] [nio-8080-exec-3] o.s.security.web.FilterChainProxy        : Secured GET /api/auth/profile
2026-07-24T21:39:04.187+05:00 DEBUG 20628 --- [Dori_Qidiruv_bot] [nio-8080-exec-5] o.s.security.web.FilterChainProxy        : Securing PUT /api/auth/profile
2026-07-24T21:39:04.199+05:00 DEBUG 20628 --- [Dori_Qidiruv_bot] [nio-8080-exec-5] o.s.security.web.FilterChainProxy        : Secured PUT /api/auth/profile
2026-07-24T21:39:04.340+05:00 DEBUG 20628 --- [Dori_Qidiruv_bot] [nio-8080-exec-6] o.s.security.web.FilterChainProxy        : Securing GET /index.html
2026-07-24T21:39:04.344+05:00 DEBUG 20628 --- [Dori_Qidiruv_bot] [nio-8080-exec-6] o.s.s.w.a.AnonymousAuthenticationFilter  : Set SecurityContextHolder to anonymous SecurityContext
2026-07-24T21:39:04.345+05:00 DEBUG 20628 --- [Dori_Qidiruv_bot] [nio-8080-exec-6] o.s.security.web.FilterChainProxy        : Secured GET /index.html
2026-07-24T21:39:04.387+05:00 DEBUG 20628 --- [Dori_Qidiruv_bot] [nio-8080-exec-7] o.s.security.web.FilterChainProxy        : Securing GET /api/dorixona
2026-07-24T21:39:04.389+05:00 DEBUG 20628 --- [Dori_Qidiruv_bot] [nio-8080-exec-7] o.s.s.w.a.AnonymousAuthenticationFilter  : Set SecurityContextHolder to anonymous SecurityContext
2026-07-24T21:39:04.389+05:00 DEBUG 20628 --- [Dori_Qidiruv_bot] [nio-8080-exec-7] o.s.security.web.FilterChainProxy        : Secured GET /api/dorixona
2026-07-24T21:39:04.425+05:00 DEBUG 20628 --- [Dori_Qidiruv_bot] [nio-8080-exec-8] o.s.security.web.FilterChainProxy        : Securing GET /favicon.ico
2026-07-24T21:39:04.426+05:00 DEBUG 20628 --- [Dori_Qidiruv_bot] [nio-8080-exec-8] o.s.s.w.a.AnonymousAuthenticationFilter  : Set SecurityContextHolder to anonymous SecurityContext
2026-07-24T21:39:04.428+05:00 DEBUG 20628 --- [Dori_Qidiruv_bot] [nio-8080-exec-8] o.s.s.w.a.Http403ForbiddenEntryPoint     : Pre-authenticated entry point called. Rejecting access
2026-07-24T21:39:04.430+05:00 DEBUG 20628 --- [Dori_Qidiruv_bot] [nio-8080-exec-8] o.s.security.web.FilterChainProxy        : Securing GET /error
2026-07-24T21:39:04.434+05:00 DEBUG 20628 --- [Dori_Qidiruv_bot] [nio-8080-exec-8] o.s.s.w.a.AnonymousAuthenticationFilter  : Set SecurityContextHolder to anonymous SecurityContext
2026-07-24T21:39:04.435+05:00 DEBUG 20628 --- [Dori_Qidiruv_bot] [nio-8080-exec-8] o.s.s.w.a.Http403ForbiddenEntryPoint     : Pre-authenticated entry point called. Rejecting access
2026-07-24T21:39:10.506+05:00 DEBUG 20628 --- [Dori_Qidiruv_bot] [nio-8080-exec-9] o.s.security.web.FilterChainProxy        : Securing GET /login.html
2026-07-24T21:39:10.507+05:00 DEBUG 20628 --- [Dori_Qidiruv_bot] [nio-8080-exec-9] o.s.s.w.a.AnonymousAuthenticationFilter  : Set SecurityContextHolder to anonymous SecurityContext
2026-07-24T21:39:10.508+05:00 DEBUG 20628 --- [Dori_Qidiruv_bot] [nio-8080-exec-9] o.s.security.web.FilterChainProxy        : Secured GET /login.html
2026-07-24T21:39:10.557+05:00 DEBUG 20628 --- [Dori_Qidiruv_bot] [io-8080-exec-10] o.s.security.web.FilterChainProxy        : Securing GET /favicon.ico
2026-07-24T21:39:10.562+05:00 DEBUG 20628 --- [Dori_Qidiruv_bot] [io-8080-exec-10] o.s.s.w.a.AnonymousAuthenticationFilter  : Set SecurityContextHolder to anonymous SecurityContext
2026-07-24T21:39:10.565+05:00 DEBUG 20628 --- [Dori_Qidiruv_bot] [io-8080-exec-10] o.s.s.w.a.Http403ForbiddenEntryPoint     : Pre-authenticated entry point called. Rejecting access
2026-07-24T21:39:10.568+05:00 DEBUG 20628 --- [Dori_Qidiruv_bot] [io-8080-exec-10] o.s.security.web.FilterChainProxy        : Securing GET /error
2026-07-24T21:39:10.568+05:00 DEBUG 20628 --- [Dori_Qidiruv_bot] [io-8080-exec-10] o.s.s.w.a.AnonymousAuthenticationFilter  : Set SecurityContextHolder to anonymous SecurityContext
2026-07-24T21:39:10.568+05:00 DEBUG 20628 --- [Dori_Qidiruv_bot] [io-8080-exec-10] o.s.s.w.a.Http403ForbiddenEntryPoint     : Pre-authenticated entry point called. Rejecting access
2026-07-24T21:39:12.019+05:00 DEBUG 20628 --- [Dori_Qidiruv_bot] [nio-8080-exec-1] o.s.security.web.FilterChainProxy        : Securing GET /index.html
2026-07-24T21:39:12.020+05:00 DEBUG 20628 --- [Dori_Qidiruv_bot] [nio-8080-exec-1] o.s.s.w.a.AnonymousAuthenticationFilter  : Set SecurityContextHolder to anonymous SecurityContext
2026-07-24T21:39:12.020+05:00 DEBUG 20628 --- [Dori_Qidiruv_bot] [nio-8080-exec-1] o.s.security.web.FilterChainProxy        : Secured GET /index.html
2026-07-24T21:39:12.054+05:00 DEBUG 20628 --- [Dori_Qidiruv_bot] [nio-8080-exec-2] o.s.security.web.FilterChainProxy        : Securing GET /api/dorixona
2026-07-24T21:39:12.054+05:00 DEBUG 20628 --- [Dori_Qidiruv_bot] [nio-8080-exec-2] o.s.s.w.a.AnonymousAuthenticationFilter  : Set SecurityContextHolder to anonymous SecurityContext
2026-07-24T21:39:12.054+05:00 DEBUG 20628 --- [Dori_Qidiruv_bot] [nio-8080-exec-2] o.s.security.web.FilterChainProxy        : Secured GET /api/dorixona
2026-07-24T21:39:12.072+05:00 DEBUG 20628 --- [Dori_Qidiruv_bot] [nio-8080-exec-4] o.s.security.web.FilterChainProxy        : Securing GET /favicon.ico
2026-07-24T21:39:12.072+05:00 DEBUG 20628 --- [Dori_Qidiruv_bot] [nio-8080-exec-4] o.s.s.w.a.AnonymousAuthenticationFilter  : Set SecurityContextHolder to anonymous SecurityContext
2026-07-24T21:39:12.073+05:00 DEBUG 20628 --- [Dori_Qidiruv_bot] [nio-8080-exec-4] o.s.s.w.a.Http403ForbiddenEntryPoint     : Pre-authenticated entry point called. Rejecting access
2026-07-24T21:39:12.073+05:00 DEBUG 20628 --- [Dori_Qidiruv_bot] [nio-8080-exec-4] o.s.security.web.FilterChainProxy        : Securing GET /error
2026-07-24T21:39:12.073+05:00 DEBUG 20628 --- [Dori_Qidiruv_bot] [nio-8080-exec-4] o.s.s.w.a.AnonymousAuthenticationFilter  : Set SecurityContextHolder to anonymous SecurityContext
2026-07-24T21:39:12.073+05:00 DEBUG 20628 --- [Dori_Qidiruv_bot] [nio-8080-exec-4] o.s.s.w.a.Http403ForbiddenEntryPoint     : Pre-authenticated entry point called. Rejecting access

> Task :bootRun FAILED
4 actionable tasks: 4 executed
